<?xml version="1.0" encoding="UTF-8"?>
<coverage generated="1643054360981" clover="3.2.0">
  <project timestamp="1643054360981" name="All files">
    <metrics statements="12" coveredstatements="10" conditionals="2" coveredconditionals="2" methods="6" coveredmethods="4" elements="20" coveredelements="16" complexity="0" loc="12" ncloc="12" packages="1" files="1" classes="1"/>
    <file name="atividade1.js" path="/home/mint/curso-testes-automatizados/Aula 2/atividade1.js">
      <metrics statements="12" coveredstatements="10" conditionals="2" coveredconditionals="2" methods="6" coveredmethods="4"/>
      <line num="9" count="2" type="stmt"/>
      <line num="19" count="0" type="stmt"/>
      <line num="31" count="0" type="stmt"/>
      <line num="43" count="1" type="stmt"/>
      <line num="44" count="1" type="stmt"/>
      <line num="46" count="1" type="stmt"/>
      <line num="60" count="2" type="cond" truecount="2" falsecount="0"/>
      <line num="61" count="1" type="stmt"/>
      <line num="62" count="1" type="stmt"/>
      <line num="80" count="1" type="stmt"/>
      <line num="81" count="1" type="stmt"/>
      <line num="87" count="1" type="stmt"/>
    </file>
  </project>
</coverage>
