{"/home/mint/curso-testes-automatizados/Aula 2/atividade1.js": {"path":"/home/mint/curso-testes-automatizados/Aula 2/atividade1.js","statementMap":{"0":{"start":{"line":9,"column":8},"end":{"line":9,"column":29}},"1":{"start":{"line":19,"column":8},"end":{"line":19,"column":37}},"2":{"start":{"line":31,"column":8},"end":{"line":31,"column":51}},"3":{"start":{"line":43,"column":20},"end":{"line":43,"column":65}},"4":{"start":{"line":44,"column":18},"end":{"line":44,"column":46}},"5":{"start":{"line":46,"column":8},"end":{"line":46,"column":49}},"6":{"start":{"line":60,"column":8},"end":{"line":61,"column":22}},"7":{"start":{"line":61,"column":12},"end":{"line":61,"column":22}},"8":{"start":{"line":62,"column":8},"end":{"line":63,"column":32}},"9":{"start":{"line":80,"column":18},"end":{"line":80,"column":32}},"10":{"start":{"line":81,"column":8},"end":{"line":81,"column":39}},"11":{"start":{"line":87,"column":0},"end":{"line":87,"column":37}}},"fnMap":{"0":{"name":"(anonymous_0)","decl":{"start":{"line":8,"column":4},"end":{"line":8,"column":5}},"loc":{"start":{"line":8,"column":24},"end":{"line":10,"column":5}},"line":8},"1":{"name":"(anonymous_1)","decl":{"start":{"line":17,"column":4},"end":{"line":17,"column":5}},"loc":{"start":{"line":17,"column":27},"end":{"line":21,"column":5}},"line":17},"2":{"name":"(anonymous_2)","decl":{"start":{"line":29,"column":4},"end":{"line":29,"column":5}},"loc":{"start":{"line":29,"column":26},"end":{"line":33,"column":5}},"line":29},"3":{"name":"(anonymous_3)","decl":{"start":{"line":41,"column":4},"end":{"line":41,"column":5}},"loc":{"start":{"line":41,"column":46},"end":{"line":48,"column":5}},"line":41},"4":{"name":"(anonymous_4)","decl":{"start":{"line":58,"column":4},"end":{"line":58,"column":5}},"loc":{"start":{"line":58,"column":16},"end":{"line":66,"column":5}},"line":58},"5":{"name":"(anonymous_5)","decl":{"start":{"line":77,"column":4},"end":{"line":77,"column":5}},"loc":{"start":{"line":77,"column":20},"end":{"line":83,"column":5}},"line":77}},"branchMap":{"0":{"loc":{"start":{"line":60,"column":8},"end":{"line":61,"column":22}},"type":"if","locations":[{"start":{"line":60,"column":8},"end":{"line":61,"column":22}},{"start":{},"end":{}}],"line":60}},"s":{"0":2,"1":0,"2":0,"3":1,"4":1,"5":1,"6":2,"7":1,"8":1,"9":1,"10":1,"11":1},"f":{"0":2,"1":0,"2":0,"3":1,"4":2,"5":1},"b":{"0":[1,1]},"_coverageSchema":"1a1c01bbd47fc00a2c39e90264f33305004495a9","hash":"79adeef9a177182605b9d7e36cbd3fbe41bf3100"}
}
